# JRE version: OpenJDK Runtime Environment 18.9 (11.0.16+8) (build 11.0.16+8)
# Java VM: OpenJDK 64-Bit Server VM 18.9 (11.0.16+8, mixed mode, tiered, compressed oops, g1 gc, windows-amd64)
Heap:
 garbage-first heap   total 189440K, used 60778K [0x0000000081600000, 0x0000000100000000)
  region size 1024K, 6 young (6144K), 6 survivors (6144K)
 Metaspace       used 68010K, capacity 68939K, committed 69160K, reserved 1110016K
  class space    used 7536K, capacity 7905K, committed 8020K, reserved 1048576K
GC Heap History (19 events):
Event: 1.612 GC heap before
{Heap before GC invocations=0 (full 0):
 garbage-first heap   total 131072K, used 17408K [0x0000000081600000, 0x0000000100000000)
  region size 1024K, 14 young (14336K), 0 survivors (0K)
 Metaspace       used 9858K, capacity 9970K, committed 10112K, reserved 1058816K
  class space    used 826K, capacity 853K, committed 896K, reserved 1048576K
}
Event: 1.625 GC heap after
{Heap after GC invocations=1 (full 0):
 garbage-first heap   total 131072K, used 5324K [0x0000000081600000, 0x0000000100000000)
  region size 1024K, 2 young (2048K), 2 survivors (2048K)
 Metaspace       used 9858K, capacity 9970K, committed 10112K, reserved 1058816K
  class space    used 826K, capacity 853K, committed 896K, reserved 1048576K
}
Event: 4.200 GC heap before
{Heap before GC invocations=1 (full 0):
 garbage-first heap   total 131072K, used 51404K [0x0000000081600000, 0x0000000100000000)
  region size 1024K, 48 young (49152K), 2 survivors (2048K)
 Metaspace       used 21034K, capacity 21182K, committed 21248K, reserved 1069056K
  class space    used 2212K, capacity 2280K, committed 2304K, reserved 1048576K
}
Event: 4.237 GC heap after
{Heap after GC invocations=2 (full 0):
 garbage-first heap   total 131072K, used 9239K [0x0000000081600000, 0x0000000100000000)
  region size 1024K, 6 young (6144K), 6 survivors (6144K)
 Metaspace       used 21034K, capacity 21182K, committed 21248K, reserved 1069056K
  class space    used 2212K, capacity 2280K, committed 2304K, reserved 1048576K
}
Event: 7.221 GC heap before
{Heap before GC invocations=3 (full 0):
 garbage-first heap   total 131072K, used 61463K [0x0000000081600000, 0x0000000100000000)
  region size 1024K, 52 young (53248K), 6 survivors (6144K)
 Metaspace       used 31847K, capacity 32282K, committed 32636K, reserved 1077248K
  class space    used 3927K, capacity 4116K, committed 4220K, reserved 1048576K
}
Event: 7.247 GC heap after
{Heap after GC invocations=4 (full 0):
 garbage-first heap   total 131072K, used 21141K [0x0000000081600000, 0x0000000100000000)
  region size 1024K, 7 young (7168K), 7 survivors (7168K)
 Metaspace       used 31847K, capacity 32282K, committed 32636K, reserved 1077248K
  class space    used 3927K, capacity 4116K, committed 4220K, reserved 1048576K
}
Event: 8.323 GC heap before
{Heap before GC invocations=4 (full 0):
 garbage-first heap   total 131072K, used 37525K [0x0000000081600000, 0x0000000100000000)
  region size 1024K, 24 young (24576K), 7 survivors (7168K)
 Metaspace       used 35503K, capacity 35915K, committed 36048K, reserved 1081344K
  class space    used 4340K, capacity 4538K, committed 4604K, reserved 1048576K
}
Event: 8.342 GC heap after
{Heap after GC invocations=5 (full 0):
 garbage-first heap   total 131072K, used 20849K [0x0000000081600000, 0x0000000100000000)
  region size 1024K, 3 young (3072K), 3 survivors (3072K)
 Metaspace       used 35503K, capacity 35915K, committed 36048K, reserved 1081344K
  class space    used 4340K, capacity 4538K, committed 4604K, reserved 1048576K
}
Event: 12.028 GC heap before
{Heap before GC invocations=6 (full 0):
 garbage-first heap   total 131072K, used 75121K [0x0000000081600000, 0x0000000100000000)
  region size 1024K, 56 young (57344K), 3 survivors (3072K)
 Metaspace       used 46301K, capacity 46849K, committed 47184K, reserved 1091584K
  class space    used 5404K, capacity 5614K, committed 5756K, reserved 1048576K
}
Event: 12.050 GC heap after
{Heap after GC invocations=7 (full 0):
 garbage-first heap   total 157696K, used 25996K [0x0000000081600000, 0x0000000100000000)
  region size 1024K, 7 young (7168K), 7 survivors (7168K)
 Metaspace       used 46301K, capacity 46849K, committed 47184K, reserved 1091584K
  class space    used 5404K, capacity 5614K, committed 5756K, reserved 1048576K
}
Event: 16.499 GC heap before
{Heap before GC invocations=7 (full 0):
 garbage-first heap   total 157696K, used 114060K [0x0000000081600000, 0x0000000100000000)
  region size 1024K, 90 young (92160K), 7 survivors (7168K)
 Metaspace       used 58009K, capacity 58699K, committed 58832K, reserved 1101824K
  class space    used 6748K, capacity 7035K, committed 7164K, reserved 1048576K
}
Event: 16.539 GC heap after
{Heap after GC invocations=8 (full 0):
 garbage-first heap   total 157696K, used 36864K [0x0000000081600000, 0x0000000100000000)
  region size 1024K, 12 young (12288K), 12 survivors (12288K)
 Metaspace       used 58009K, capacity 58699K, committed 58832K, reserved 1101824K
  class space    used 6748K, capacity 7035K, committed 7164K, reserved 1048576K
}
Event: 17.928 GC heap before
{Heap before GC invocations=8 (full 0):
 garbage-first heap   total 157696K, used 53248K [0x0000000081600000, 0x0000000100000000)
  region size 1024K, 29 young (29696K), 12 survivors (12288K)
 Metaspace       used 59674K, capacity 60439K, committed 60496K, reserved 1101824K
  class space    used 6911K, capacity 7238K, committed 7292K, reserved 1048576K
}
Event: 17.969 GC heap after
{Heap after GC invocations=9 (full 0):
 garbage-first heap   total 157696K, used 41125K [0x0000000081600000, 0x0000000100000000)
  region size 1024K, 4 young (4096K), 4 survivors (4096K)
 Metaspace       used 59674K, capacity 60439K, committed 60496K, reserved 1101824K
  class space    used 6911K, capacity 7238K, committed 7292K, reserved 1048576K
}
Event: 20.916 GC heap before
{Heap before GC invocations=10 (full 0):
 garbage-first heap   total 157696K, used 91301K [0x0000000081600000, 0x0000000100000000)
  region size 1024K, 53 young (54272K), 4 survivors (4096K)
 Metaspace       used 62278K, capacity 63104K, committed 63272K, reserved 1105920K
  class space    used 7115K, capacity 7442K, committed 7508K, reserved 1048576K
}
Event: 20.955 GC heap after
{Heap after GC invocations=11 (full 0):
 garbage-first heap   total 157696K, used 49664K [0x0000000081600000, 0x0000000100000000)
  region size 1024K, 7 young (7168K), 7 survivors (7168K)
 Metaspace       used 62278K, capacity 63104K, committed 63272K, reserved 1105920K
  class space    used 7115K, capacity 7442K, committed 7508K, reserved 1048576K
}
Event: 23.005 GC heap before
{Heap before GC invocations=11 (full 0):
 garbage-first heap   total 157696K, used 98816K [0x0000000081600000, 0x0000000100000000)
  region size 1024K, 55 young (56320K), 7 survivors (7168K)
 Metaspace       used 63969K, capacity 64822K, committed 64936K, reserved 1105920K
  class space    used 7255K, capacity 7589K, committed 7636K, reserved 1048576K
}
Event: 23.042 GC heap after
{Heap after GC invocations=12 (full 0):
 garbage-first heap   total 157696K, used 55741K [0x0000000081600000, 0x0000000100000000)
  region size 1024K, 6 young (6144K), 6 survivors (6144K)
 Metaspace       used 63969K, capacity 64822K, committed 64936K, reserved 1105920K
  class space    used 7255K, capacity 7589K, committed 7636K, reserved 1048576K
}
Event: 27.559 GC heap before
{Heap before GC invocations=12 (full 0):
 garbage-first heap   total 157696K, used 104893K [0x0000000081600000, 0x0000000100000000)
  region size 1024K, 54 young (55296K), 6 survivors (6144K)
 Metaspace       used 68010K, capacity 68939K, committed 69160K, reserved 1110016K
  class space    used 7536K, capacity 7905K, committed 8020K, reserved 1048576K
}

