# JRE version: Java(TM) SE Runtime Environment (19.0.2+7) (build 19.0.2+7-44)
# Java VM: Java HotSpot(TM) 64-Bit Server VM (19.0.2+7-44, mixed mode, sharing, tiered, compressed oops, compressed class ptrs, g1 gc, windows-amd64)
GC Precious Log:
 CardTable entry size: 512
 Card Set container configuration: InlinePtr #cards 5 size 8 Array Of Cards #cards 12 size 40 Howl #buckets 4 coarsen threshold 1843 Howl Bitmap #cards 512 size 80 coarsen threshold 460 Card regions per heap region 1 cards per card region 2048
 CPUs: 4 total, 4 available
 Memory: 8103M
 Large Page Support: Disabled
 NUMA Support: Disabled
 Compressed Oops: Enabled (32-bit)
 Heap Region Size: 1M
 Heap Min Capacity: 8M
 Heap Initial Capacity: 128M
 Heap Max Capacity: 2026M
 Pre-touch: Disabled
 Parallel Workers: 4
 Concurrent Workers: 1
 Concurrent Refinement Workers: 4
 Periodic GC: Disabled
Heap:
 garbage-first heap   total 106496K, used 63058K [0x0000000081600000, 0x0000000100000000)
  region size 1024K, 4 young (4096K), 3 survivors (3072K)
 Metaspace       used 60249K, committed 60992K, reserved 1114112K
  class space    used 6841K, committed 7232K, reserved 1048576K
GC Heap History (20 events):
Event: 10.413 GC heap before
{Heap before GC invocations=12 (full 0):
 garbage-first heap   total 53248K, used 28607K [0x0000000081600000, 0x0000000100000000)
  region size 1024K, 4 young (4096K), 3 survivors (3072K)
 Metaspace       used 38591K, committed 39296K, reserved 1114112K
  class space    used 4715K, committed 5056K, reserved 1048576K
}
Event: 10.425 GC heap after
{Heap after GC invocations=13 (full 0):
 garbage-first heap   total 53248K, used 27585K [0x0000000081600000, 0x0000000100000000)
  region size 1024K, 1 young (1024K), 1 survivors (1024K)
 Metaspace       used 38591K, committed 39296K, reserved 1114112K
  class space    used 4715K, committed 5056K, reserved 1048576K
}
Event: 10.680 GC heap before
{Heap before GC invocations=13 (full 0):
 garbage-first heap   total 53248K, used 31681K [0x0000000081600000, 0x0000000100000000)
  region size 1024K, 6 young (6144K), 1 survivors (1024K)
 Metaspace       used 39663K, committed 40384K, reserved 1114112K
  class space    used 4847K, committed 5184K, reserved 1048576K
}
Event: 10.684 GC heap after
{Heap after GC invocations=14 (full 0):
 garbage-first heap   total 106496K, used 27630K [0x0000000081600000, 0x0000000100000000)
  region size 1024K, 1 young (1024K), 1 survivors (1024K)
 Metaspace       used 39663K, committed 40384K, reserved 1114112K
  class space    used 4847K, committed 5184K, reserved 1048576K
}
Event: 13.947 GC heap before
{Heap before GC invocations=14 (full 0):
 garbage-first heap   total 106496K, used 82926K [0x0000000081600000, 0x0000000100000000)
  region size 1024K, 53 young (54272K), 1 survivors (1024K)
 Metaspace       used 45376K, committed 46144K, reserved 1114112K
  class space    used 5414K, committed 5824K, reserved 1048576K
}
Event: 13.967 GC heap after
{Heap after GC invocations=15 (full 0):
 garbage-first heap   total 106496K, used 35205K [0x0000000081600000, 0x0000000100000000)
  region size 1024K, 6 young (6144K), 6 survivors (6144K)
 Metaspace       used 45376K, committed 46144K, reserved 1114112K
  class space    used 5414K, committed 5824K, reserved 1048576K
}
Event: 18.124 GC heap before
{Heap before GC invocations=15 (full 0):
 garbage-first heap   total 106496K, used 81285K [0x0000000081600000, 0x0000000100000000)
  region size 1024K, 51 young (52224K), 6 survivors (6144K)
 Metaspace       used 52325K, committed 53056K, reserved 1114112K
  class space    used 6273K, committed 6656K, reserved 1048576K
}
Event: 18.165 GC heap after
{Heap after GC invocations=16 (full 0):
 garbage-first heap   total 106496K, used 42212K [0x0000000081600000, 0x0000000100000000)
  region size 1024K, 7 young (7168K), 7 survivors (7168K)
 Metaspace       used 52325K, committed 53056K, reserved 1114112K
  class space    used 6273K, committed 6656K, reserved 1048576K
}
Event: 23.005 GC heap before
{Heap before GC invocations=16 (full 0):
 garbage-first heap   total 106496K, used 82148K [0x0000000081600000, 0x0000000100000000)
  region size 1024K, 46 young (47104K), 7 survivors (7168K)
 Metaspace       used 54476K, committed 55296K, reserved 1114112K
  class space    used 6426K, committed 6848K, reserved 1048576K
}
Event: 23.049 GC heap after
{Heap after GC invocations=17 (full 0):
 garbage-first heap   total 106496K, used 49152K [0x0000000081600000, 0x0000000100000000)
  region size 1024K, 6 young (6144K), 6 survivors (6144K)
 Metaspace       used 54476K, committed 55296K, reserved 1114112K
  class space    used 6426K, committed 6848K, reserved 1048576K
}
Event: 24.481 GC heap before
{Heap before GC invocations=17 (full 0):
 garbage-first heap   total 106496K, used 81920K [0x0000000081600000, 0x0000000100000000)
  region size 1024K, 38 young (38912K), 6 survivors (6144K)
 Metaspace       used 55270K, committed 56064K, reserved 1114112K
  class space    used 6498K, committed 6912K, reserved 1048576K
}
Event: 24.515 GC heap after
{Heap after GC invocations=18 (full 0):
 garbage-first heap   total 106496K, used 54272K [0x0000000081600000, 0x0000000100000000)
  region size 1024K, 5 young (5120K), 5 survivors (5120K)
 Metaspace       used 55270K, committed 56064K, reserved 1114112K
  class space    used 6498K, committed 6912K, reserved 1048576K
}
Event: 26.745 GC heap before
{Heap before GC invocations=18 (full 0):
 garbage-first heap   total 106496K, used 82944K [0x0000000081600000, 0x0000000100000000)
  region size 1024K, 33 young (33792K), 5 survivors (5120K)
 Metaspace       used 57139K, committed 57984K, reserved 1114112K
  class space    used 6618K, committed 7040K, reserved 1048576K
}
Event: 26.767 GC heap after
{Heap after GC invocations=19 (full 0):
 garbage-first heap   total 106496K, used 57273K [0x0000000081600000, 0x0000000100000000)
  region size 1024K, 3 young (3072K), 3 survivors (3072K)
 Metaspace       used 57139K, committed 57984K, reserved 1114112K
  class space    used 6618K, committed 7040K, reserved 1048576K
}
Event: 29.342 GC heap before
{Heap before GC invocations=20 (full 0):
 garbage-first heap   total 106496K, used 84921K [0x0000000081600000, 0x0000000100000000)
  region size 1024K, 30 young (30720K), 3 survivors (3072K)
 Metaspace       used 59192K, committed 59968K, reserved 1114112K
  class space    used 6756K, committed 7168K, reserved 1048576K
}
Event: 29.362 GC heap after
{Heap after GC invocations=21 (full 0):
 garbage-first heap   total 106496K, used 60650K [0x0000000081600000, 0x0000000100000000)
  region size 1024K, 4 young (4096K), 4 survivors (4096K)
 Metaspace       used 59192K, committed 59968K, reserved 1114112K
  class space    used 6756K, committed 7168K, reserved 1048576K
}
Event: 29.401 GC heap before
{Heap before GC invocations=21 (full 0):
 garbage-first heap   total 106496K, used 61674K [0x0000000081600000, 0x0000000100000000)
  region size 1024K, 5 young (5120K), 4 survivors (4096K)
 Metaspace       used 59365K, committed 60160K, reserved 1114112K
  class space    used 6799K, committed 7232K, reserved 1048576K
}
Event: 29.415 GC heap after
{Heap after GC invocations=22 (full 0):
 garbage-first heap   total 106496K, used 60878K [0x0000000081600000, 0x0000000100000000)
  region size 1024K, 1 young (1024K), 1 survivors (1024K)
 Metaspace       used 59365K, committed 60160K, reserved 1114112K
  class space    used 6799K, committed 7232K, reserved 1048576K
}
Event: 33.415 GC heap before
{Heap before GC invocations=22 (full 0):
 garbage-first heap   total 106496K, used 85454K [0x0000000081600000, 0x0000000100000000)
  region size 1024K, 25 young (25600K), 1 survivors (1024K)
 Metaspace       used 60247K, committed 60992K, reserved 1114112K
  class space    used 6841K, committed 7232K, reserved 1048576K
}
Event: 33.428 GC heap after
{Heap after GC invocations=23 (full 0):
 garbage-first heap   total 106496K, used 63058K [0x0000000081600000, 0x0000000100000000)
  region size 1024K, 3 young (3072K), 3 survivors (3072K)
 Metaspace       used 60247K, committed 60992K, reserved 1114112K
  class space    used 6841K, committed 7232K, reserved 1048576K
}

