# JRE version: Java(TM) SE Runtime Environment (19.0.2+7) (build 19.0.2+7-44)
# Java VM: Java HotSpot(TM) 64-Bit Server VM (19.0.2+7-44, mixed mode, sharing, tiered, compressed oops, compressed class ptrs, g1 gc, windows-amd64)
GC Precious Log:
 CardTable entry size: 512
 Card Set container configuration: InlinePtr #cards 5 size 8 Array Of Cards #cards 12 size 40 Howl #buckets 4 coarsen threshold 1843 Howl Bitmap #cards 512 size 80 coarsen threshold 460 Card regions per heap region 1 cards per card region 2048
 CPUs: 4 total, 4 available
 Memory: 8103M
 Large Page Support: Disabled
 NUMA Support: Disabled
 Compressed Oops: Enabled (32-bit)
 Heap Region Size: 1M
 Heap Min Capacity: 8M
 Heap Initial Capacity: 128M
 Heap Max Capacity: 2026M
 Pre-touch: Disabled
 Parallel Workers: 4
 Concurrent Workers: 1
 Concurrent Refinement Workers: 4
 Periodic GC: Disabled
Heap:
 garbage-first heap   total 92160K, used 54099K [0x0000000081600000, 0x0000000100000000)
  region size 1024K, 4 young (4096K), 4 survivors (4096K)
 Metaspace       used 54497K, committed 55296K, reserved 1114112K
  class space    used 6432K, committed 6848K, reserved 1048576K
GC Heap History (20 events):
Event: 5.184 GC heap after
{Heap after GC invocations=6 (full 0):
 garbage-first heap   total 53248K, used 22212K [0x0000000081600000, 0x0000000100000000)
  region size 1024K, 1 young (1024K), 1 survivors (1024K)
 Metaspace       used 25512K, committed 25792K, reserved 1114112K
  class space    used 3349K, committed 3456K, reserved 1048576K
}
Event: 5.708 GC heap before
{Heap before GC invocations=6 (full 0):
 garbage-first heap   total 53248K, used 38596K [0x0000000081600000, 0x0000000100000000)
  region size 1024K, 18 young (18432K), 1 survivors (1024K)
 Metaspace       used 28903K, committed 29184K, reserved 1114112K
  class space    used 3708K, committed 3840K, reserved 1048576K
}
Event: 5.713 GC heap after
{Heap after GC invocations=7 (full 0):
 garbage-first heap   total 53248K, used 21917K [0x0000000081600000, 0x0000000100000000)
  region size 1024K, 3 young (3072K), 3 survivors (3072K)
 Metaspace       used 28903K, committed 29184K, reserved 1114112K
  class space    used 3708K, committed 3840K, reserved 1048576K
}
Event: 6.332 GC heap before
{Heap before GC invocations=7 (full 0):
 garbage-first heap   total 53248K, used 37277K [0x0000000081600000, 0x0000000100000000)
  region size 1024K, 19 young (19456K), 3 survivors (3072K)
 Metaspace       used 32133K, committed 32512K, reserved 1114112K
  class space    used 3971K, committed 4160K, reserved 1048576K
}
Event: 6.344 GC heap after
{Heap after GC invocations=8 (full 0):
 garbage-first heap   total 53248K, used 23867K [0x0000000081600000, 0x0000000100000000)
  region size 1024K, 2 young (2048K), 2 survivors (2048K)
 Metaspace       used 32133K, committed 32512K, reserved 1114112K
  class space    used 3971K, committed 4160K, reserved 1048576K
}
Event: 7.683 GC heap before
{Heap before GC invocations=8 (full 0):
 garbage-first heap   total 53248K, used 39227K [0x0000000081600000, 0x0000000100000000)
  region size 1024K, 17 young (17408K), 2 survivors (2048K)
 Metaspace       used 34272K, committed 34944K, reserved 1114112K
  class space    used 4266K, committed 4608K, reserved 1048576K
}
Event: 7.692 GC heap after
{Heap after GC invocations=9 (full 0):
 garbage-first heap   total 92160K, used 24950K [0x0000000081600000, 0x0000000100000000)
  region size 1024K, 1 young (1024K), 1 survivors (1024K)
 Metaspace       used 34272K, committed 34944K, reserved 1114112K
  class space    used 4266K, committed 4608K, reserved 1048576K
}
Event: 8.015 GC heap before
{Heap before GC invocations=9 (full 0):
 garbage-first heap   total 92160K, used 29046K [0x0000000081600000, 0x0000000100000000)
  region size 1024K, 6 young (6144K), 1 survivors (1024K)
 Metaspace       used 35302K, committed 35968K, reserved 1114112K
  class space    used 4402K, committed 4736K, reserved 1048576K
}
Event: 8.021 GC heap after
{Heap after GC invocations=10 (full 0):
 garbage-first heap   total 92160K, used 25323K [0x0000000081600000, 0x0000000100000000)
  region size 1024K, 2 young (2048K), 2 survivors (2048K)
 Metaspace       used 35302K, committed 35968K, reserved 1114112K
  class space    used 4402K, committed 4736K, reserved 1048576K
}
Event: 12.162 GC heap before
{Heap before GC invocations=11 (full 0):
 garbage-first heap   total 92160K, used 73451K [0x0000000081600000, 0x0000000100000000)
  region size 1024K, 46 young (47104K), 2 survivors (2048K)
 Metaspace       used 41394K, committed 42112K, reserved 1114112K
  class space    used 5003K, committed 5376K, reserved 1048576K
}
Event: 12.189 GC heap after
{Heap after GC invocations=12 (full 0):
 garbage-first heap   total 92160K, used 36580K [0x0000000081600000, 0x0000000100000000)
  region size 1024K, 6 young (6144K), 6 survivors (6144K)
 Metaspace       used 41394K, committed 42112K, reserved 1114112K
  class space    used 5003K, committed 5376K, reserved 1048576K
}
Event: 12.370 GC heap before
{Heap before GC invocations=12 (full 0):
 garbage-first heap   total 92160K, used 37604K [0x0000000081600000, 0x0000000100000000)
  region size 1024K, 7 young (7168K), 6 survivors (6144K)
 Metaspace       used 41417K, committed 42176K, reserved 1114112K
  class space    used 5003K, committed 5376K, reserved 1048576K
}
Event: 12.390 GC heap after
{Heap after GC invocations=13 (full 0):
 garbage-first heap   total 92160K, used 37267K [0x0000000081600000, 0x0000000100000000)
  region size 1024K, 1 young (1024K), 1 survivors (1024K)
 Metaspace       used 41417K, committed 42176K, reserved 1114112K
  class space    used 5003K, committed 5376K, reserved 1048576K
}
Event: 14.778 GC heap before
{Heap before GC invocations=13 (full 0):
 garbage-first heap   total 92160K, used 69011K [0x0000000081600000, 0x0000000100000000)
  region size 1024K, 33 young (33792K), 1 survivors (1024K)
 Metaspace       used 46415K, committed 47168K, reserved 1114112K
  class space    used 5517K, committed 5952K, reserved 1048576K
}
Event: 14.793 GC heap after
{Heap after GC invocations=14 (full 0):
 garbage-first heap   total 92160K, used 40057K [0x0000000081600000, 0x0000000100000000)
  region size 1024K, 4 young (4096K), 4 survivors (4096K)
 Metaspace       used 46415K, committed 47168K, reserved 1114112K
  class space    used 5517K, committed 5952K, reserved 1048576K
}
Event: 16.878 GC heap before
{Heap before GC invocations=14 (full 0):
 garbage-first heap   total 92160K, used 70777K [0x0000000081600000, 0x0000000100000000)
  region size 1024K, 34 young (34816K), 4 survivors (4096K)
 Metaspace       used 51403K, committed 52224K, reserved 1114112K
  class space    used 6215K, committed 6656K, reserved 1048576K
}
Event: 16.903 GC heap after
{Heap after GC invocations=15 (full 0):
 garbage-first heap   total 92160K, used 43859K [0x0000000081600000, 0x0000000100000000)
  region size 1024K, 4 young (4096K), 4 survivors (4096K)
 Metaspace       used 51403K, committed 52224K, reserved 1114112K
  class space    used 6215K, committed 6656K, reserved 1048576K
}
Event: 19.497 GC heap before
{Heap before GC invocations=15 (full 0):
 garbage-first heap   total 92160K, used 71507K [0x0000000081600000, 0x0000000100000000)
  region size 1024K, 31 young (31744K), 4 survivors (4096K)
 Metaspace       used 54177K, committed 54976K, reserved 1114112K
  class space    used 6430K, committed 6848K, reserved 1048576K
}
Event: 19.528 GC heap after
{Heap after GC invocations=16 (full 0):
 garbage-first heap   total 92160K, used 49152K [0x0000000081600000, 0x0000000100000000)
  region size 1024K, 4 young (4096K), 4 survivors (4096K)
 Metaspace       used 54177K, committed 54976K, reserved 1114112K
  class space    used 6430K, committed 6848K, reserved 1048576K
}
Event: 21.685 GC heap before
{Heap before GC invocations=16 (full 0):
 garbage-first heap   total 92160K, used 71680K [0x0000000081600000, 0x0000000100000000)
  region size 1024K, 26 young (26624K), 4 survivors (4096K)
 Metaspace       used 54497K, committed 55296K, reserved 1114112K
  class space    used 6432K, committed 6848K, reserved 1048576K
}

