# JRE version: Java(TM) SE Runtime Environment (19.0.2+7) (build 19.0.2+7-44)
# Java VM: Java HotSpot(TM) 64-Bit Server VM (19.0.2+7-44, mixed mode, sharing, tiered, compressed oops, compressed class ptrs, g1 gc, windows-amd64)
GC Precious Log:
 CardTable entry size: 512
 Card Set container configuration: InlinePtr #cards 5 size 8 Array Of Cards #cards 12 size 40 Howl #buckets 4 coarsen threshold 1843 Howl Bitmap #cards 512 size 80 coarsen threshold 460 Card regions per heap region 1 cards per card region 2048
 CPUs: 4 total, 4 available
 Memory: 8103M
 Large Page Support: Disabled
 NUMA Support: Disabled
 Compressed Oops: Enabled (32-bit)
 Heap Region Size: 1M
 Heap Min Capacity: 8M
 Heap Initial Capacity: 128M
 Heap Max Capacity: 2026M
 Pre-touch: Disabled
 Parallel Workers: 4
 Concurrent Workers: 1
 Concurrent Refinement Workers: 4
 Periodic GC: Disabled
Heap:
 garbage-first heap   total 190464K, used 117089K [0x0000000081600000, 0x0000000100000000)
  region size 1024K, 4 young (4096K), 4 survivors (4096K)
 Metaspace       used 76695K, committed 77504K, reserved 1179648K
  class space    used 8337K, committed 8768K, reserved 1048576K
GC Heap History (20 events):
Event: 21.515 GC heap after
{Heap after GC invocations=20 (full 0):
 garbage-first heap   total 190464K, used 55255K [0x0000000081600000, 0x0000000100000000)
  region size 1024K, 3 young (3072K), 3 survivors (3072K)
 Metaspace       used 52858K, committed 53632K, reserved 1114112K
  class space    used 6220K, committed 6656K, reserved 1048576K
}
Event: 23.116 GC heap before
{Heap before GC invocations=21 (full 0):
 garbage-first heap   total 190464K, used 140247K [0x0000000081600000, 0x0000000100000000)
  region size 1024K, 86 young (88064K), 3 survivors (3072K)
 Metaspace       used 54061K, committed 54784K, reserved 1114112K
  class space    used 6336K, committed 6720K, reserved 1048576K
}
Event: 23.138 GC heap after
{Heap after GC invocations=22 (full 0):
 garbage-first heap   total 190464K, used 63133K [0x0000000081600000, 0x0000000100000000)
  region size 1024K, 11 young (11264K), 11 survivors (11264K)
 Metaspace       used 54061K, committed 54784K, reserved 1114112K
  class space    used 6336K, committed 6720K, reserved 1048576K
}
Event: 23.142 GC heap before
{Heap before GC invocations=22 (full 0):
 garbage-first heap   total 190464K, used 64157K [0x0000000081600000, 0x0000000100000000)
  region size 1024K, 12 young (12288K), 11 survivors (11264K)
 Metaspace       used 54061K, committed 54784K, reserved 1114112K
  class space    used 6336K, committed 6720K, reserved 1048576K
}
Event: 23.160 GC heap after
{Heap after GC invocations=23 (full 0):
 garbage-first heap   total 190464K, used 63595K [0x0000000081600000, 0x0000000100000000)
  region size 1024K, 1 young (1024K), 1 survivors (1024K)
 Metaspace       used 54061K, committed 54784K, reserved 1114112K
  class space    used 6336K, committed 6720K, reserved 1048576K
}
Event: 26.181 GC heap before
{Heap before GC invocations=23 (full 0):
 garbage-first heap   total 190464K, used 136299K [0x0000000081600000, 0x0000000100000000)
  region size 1024K, 72 young (73728K), 1 survivors (1024K)
 Metaspace       used 59729K, committed 60544K, reserved 1114112K
  class space    used 6857K, committed 7296K, reserved 1048576K
}
Event: 26.195 GC heap after
{Heap after GC invocations=24 (full 0):
 garbage-first heap   total 190464K, used 70487K [0x0000000081600000, 0x0000000100000000)
  region size 1024K, 8 young (8192K), 8 survivors (8192K)
 Metaspace       used 59729K, committed 60544K, reserved 1114112K
  class space    used 6857K, committed 7296K, reserved 1048576K
}
Event: 29.887 GC heap before
{Heap before GC invocations=24 (full 0):
 garbage-first heap   total 190464K, used 144215K [0x0000000081600000, 0x0000000100000000)
  region size 1024K, 78 young (79872K), 8 survivors (8192K)
 Metaspace       used 61335K, committed 62144K, reserved 1114112K
  class space    used 6939K, committed 7360K, reserved 1048576K
}
Event: 29.912 GC heap after
{Heap after GC invocations=25 (full 0):
 garbage-first heap   total 190464K, used 79481K [0x0000000081600000, 0x0000000100000000)
  region size 1024K, 7 young (7168K), 7 survivors (7168K)
 Metaspace       used 61335K, committed 62144K, reserved 1114112K
  class space    used 6939K, committed 7360K, reserved 1048576K
}
Event: 33.211 GC heap before
{Heap before GC invocations=25 (full 0):
 garbage-first heap   total 190464K, used 148089K [0x0000000081600000, 0x0000000100000000)
  region size 1024K, 74 young (75776K), 7 survivors (7168K)
 Metaspace       used 62126K, committed 62912K, reserved 1114112K
  class space    used 6961K, committed 7360K, reserved 1048576K
}
Event: 33.237 GC heap after
{Heap after GC invocations=26 (full 0):
 garbage-first heap   total 190464K, used 86637K [0x0000000081600000, 0x0000000100000000)
  region size 1024K, 7 young (7168K), 7 survivors (7168K)
 Metaspace       used 62126K, committed 62912K, reserved 1114112K
  class space    used 6961K, committed 7360K, reserved 1048576K
}
Event: 35.098 GC heap before
{Heap before GC invocations=26 (full 0):
 garbage-first heap   total 190464K, used 151149K [0x0000000081600000, 0x0000000100000000)
  region size 1024K, 70 young (71680K), 7 survivors (7168K)
 Metaspace       used 67512K, committed 68352K, reserved 1114112K
  class space    used 7432K, committed 7872K, reserved 1048576K
}
Event: 35.116 GC heap after
{Heap after GC invocations=27 (full 0):
 garbage-first heap   total 190464K, used 90045K [0x0000000081600000, 0x0000000100000000)
  region size 1024K, 4 young (4096K), 4 survivors (4096K)
 Metaspace       used 67512K, committed 68352K, reserved 1114112K
  class space    used 7432K, committed 7872K, reserved 1048576K
}
Event: 36.646 GC heap before
{Heap before GC invocations=27 (full 0):
 garbage-first heap   total 190464K, used 152509K [0x0000000081600000, 0x0000000100000000)
  region size 1024K, 65 young (66560K), 4 survivors (4096K)
 Metaspace       used 68881K, committed 69696K, reserved 1114112K
  class space    used 7514K, committed 7936K, reserved 1048576K
}
Event: 36.666 GC heap after
{Heap after GC invocations=28 (full 0):
 garbage-first heap   total 190464K, used 98212K [0x0000000081600000, 0x0000000100000000)
  region size 1024K, 9 young (9216K), 9 survivors (9216K)
 Metaspace       used 68881K, committed 69696K, reserved 1114112K
  class space    used 7514K, committed 7936K, reserved 1048576K
}
Event: 37.464 GC heap before
{Heap before GC invocations=28 (full 0):
 garbage-first heap   total 190464K, used 153508K [0x0000000081600000, 0x0000000100000000)
  region size 1024K, 63 young (64512K), 9 survivors (9216K)
 Metaspace       used 69072K, committed 69888K, reserved 1114112K
  class space    used 7519K, committed 7936K, reserved 1048576K
}
Event: 37.495 GC heap after
{Heap after GC invocations=29 (full 0):
 garbage-first heap   total 190464K, used 106496K [0x0000000081600000, 0x0000000100000000)
  region size 1024K, 8 young (8192K), 8 survivors (8192K)
 Metaspace       used 69072K, committed 69888K, reserved 1114112K
  class space    used 7519K, committed 7936K, reserved 1048576K
}
Event: 38.366 GC heap before
{Heap before GC invocations=29 (full 0):
 garbage-first heap   total 190464K, used 155648K [0x0000000081600000, 0x0000000100000000)
  region size 1024K, 56 young (57344K), 8 survivors (8192K)
 Metaspace       used 72406K, committed 73152K, reserved 1114112K
  class space    used 7857K, committed 8256K, reserved 1048576K
}
Event: 38.387 GC heap after
{Heap after GC invocations=30 (full 0):
 garbage-first heap   total 190464K, used 113020K [0x0000000081600000, 0x0000000100000000)
  region size 1024K, 7 young (7168K), 7 survivors (7168K)
 Metaspace       used 72406K, committed 73152K, reserved 1114112K
  class space    used 7857K, committed 8256K, reserved 1048576K
}
Event: 39.331 GC heap before
{Heap before GC invocations=30 (full 0):
 garbage-first heap   total 190464K, used 156028K [0x0000000081600000, 0x0000000100000000)
  region size 1024K, 49 young (50176K), 7 survivors (7168K)
 Metaspace       used 76695K, committed 77504K, reserved 1179648K
  class space    used 8337K, committed 8768K, reserved 1048576K
}

